"../../../MultiplayerSandbox/Content/shiratori/Blueprints/BP_GameMode.uasset" 0
"../../../MultiplayerSandbox/Content/shiratori/Blueprints/BP_PlayerController.uasset" 1
"../../../MultiplayerSandbox/Content/shiratori/Blueprints/BP_PlayerState.uasset" 2
"../../../MultiplayerSandbox/Content/StarterContent/Materials/M_Basic_Wall.uasset" 3
"../../../MultiplayerSandbox/Content/StarterContent/Architecture/Pillar_50x500.uasset" 4
"../../../MultiplayerSandbox/Content/StarterContent/Architecture/Wall_400x300.uasset" 5
"../../../MultiplayerSandbox/Content/StarterContent/Architecture/Wall_400x400.uasset" 6
"../../../MultiplayerSandbox/Content/StarterContent/Architecture/Wall_500x500.uasset" 7
"../../../MultiplayerSandbox/Content/StarterContent/Architecture/Wall_Door_400x400.uasset" 8
"../../../MultiplayerSandbox/Content/StarterContent/Architecture/Wall_Window_400x400.uasset" 9
"../../../MultiplayerSandbox/Content/StarterContent/Audio/Light01_Cue.uasset" 10
"../../../MultiplayerSandbox/Content/StarterContent/Audio/Light02_Cue.uasset" 11
"../../../MultiplayerSandbox/Content/StarterContent/Audio/Explosion_Cue.uasset" 12
"../../../MultiplayerSandbox/Content/StarterContent/Textures/T_Burst_M.uasset" 13
"../../../MultiplayerSandbox/Content/StarterContent/Particles/Materials/M_Burst.uasset" 14
"../../../MultiplayerSandbox/Content/StarterContent/Textures/T_Explosion_SubUV.uasset" 15
"../../../MultiplayerSandbox/Content/StarterContent/Particles/Materials/M_explosion_subUV.uasset" 16
"../../../MultiplayerSandbox/Content/StarterContent/Particles/Materials/m_flare_01.uasset" 17
"../../../Engine/Content/Functions/Engine_MaterialFunctions01/Gradient/RadialGradient.uasset" 18
"../../../MultiplayerSandbox/Content/StarterContent/Particles/Materials/M_radial_ramp.uasset" 19
"../../../MultiplayerSandbox/Content/StarterContent/Textures/T_Smoke_SubUV.uasset" 20
"../../../MultiplayerSandbox/Content/StarterContent/Textures/T_Smoke_Tiled_D.uasset" 21
"../../../MultiplayerSandbox/Content/StarterContent/Particles/Materials/M_smoke_subUV.uasset" 22
"../../../MultiplayerSandbox/Content/StarterContent/Particles/P_Explosion.uasset" 23
"../../../MultiplayerSandbox/Content/StarterContent/Blueprints/Blueprint_Effect_Explosion.uasset" 24
"../../../Engine/Content/EditorMeshes/ColorCalibrator/T_ColorGrid.uasset" 25
"../../../MultiplayerSandbox/Content/StarterContent/Materials/M_ColorGrid_LowSpec.uasset" 26
"../../../MultiplayerSandbox/Content/StarterContent/Textures/T_Bush_D.uasset" 27
"../../../MultiplayerSandbox/Content/StarterContent/Textures/T_Bush_N.uasset" 28
"../../../MultiplayerSandbox/Content/StarterContent/Props/Materials/M_Bush.uasset" 29
"../../../MultiplayerSandbox/Content/StarterContent/Props/SM_Bush.uasset" 30
"../../../MultiplayerSandbox/Content/StarterContent/Textures/T_Chair_M.uasset" 31
"../../../MultiplayerSandbox/Content/StarterContent/Textures/T_Chair_N.uasset" 32
"../../../MultiplayerSandbox/Content/StarterContent/Props/Materials/M_Chair.uasset" 33
"../../../MultiplayerSandbox/Content/StarterContent/Props/SM_Couch.uasset" 34
"../../../MultiplayerSandbox/Content/StarterContent/Materials/M_Glass.uasset" 35
"../../../MultiplayerSandbox/Content/StarterContent/Textures/T_Door_M.uasset" 36
"../../../MultiplayerSandbox/Content/StarterContent/Textures/T_Door_N.uasset" 37
"../../../MultiplayerSandbox/Content/StarterContent/Props/Materials/M_Door.uasset" 38
"../../../MultiplayerSandbox/Content/StarterContent/Props/SM_Door.uasset" 39
"../../../MultiplayerSandbox/Content/StarterContent/Props/Materials/M_MaterialSphere.uasset" 40
"../../../MultiplayerSandbox/Content/StarterContent/Props/Materials/M_MaterialSphere_Plain.uasset" 41
"../../../MultiplayerSandbox/Content/StarterContent/Props/SM_MatPreviewMesh_02.uasset" 42
"../../../Engine/Content/Functions/Engine_MaterialFunctions02/Utility/BlendAngleCorrectedNormals.uasset" 43
"../../../MultiplayerSandbox/Content/StarterContent/Textures/T_Detail_Rocky_N.uasset" 44
"../../../MultiplayerSandbox/Content/StarterContent/Textures/T_Rock_Basalt_D.uasset" 45
"../../../MultiplayerSandbox/Content/StarterContent/Textures/T_RockMesh_M.uasset" 46
"../../../MultiplayerSandbox/Content/StarterContent/Textures/T_RockMesh_N.uasset" 47
"../../../MultiplayerSandbox/Content/StarterContent/Props/Materials/M_Rock.uasset" 48
"../../../MultiplayerSandbox/Content/StarterContent/Props/SM_Rock.uasset" 49
"../../../MultiplayerSandbox/Content/StarterContent/Textures/T_Shelf_M.uasset" 50
"../../../MultiplayerSandbox/Content/StarterContent/Textures/T_Shelf_N.uasset" 51
"../../../MultiplayerSandbox/Content/StarterContent/Props/Materials/M_Shelf.uasset" 52
"../../../MultiplayerSandbox/Content/StarterContent/Props/SM_Shelf.uasset" 53
"../../../MultiplayerSandbox/Content/StarterContent/Materials/M_Basic_Floor.uasset" 54
"../../../MultiplayerSandbox/Content/StarterContent/Props/SM_Stairs.uasset" 55
"../../../MultiplayerSandbox/Content/StarterContent/Shapes/Shape_Cone.uasset" 56
"../../../MultiplayerSandbox/Content/StarterContent/Shapes/Shape_Cylinder.uasset" 57
"../../../MultiplayerSandbox/Content/StarterContent/Shapes/Shape_NarrowCapsule.uasset" 58
"../../../MultiplayerSandbox/Content/StarterContent/Shapes/Shape_Pipe.uasset" 59
"../../../MultiplayerSandbox/Content/StarterContent/Shapes/Shape_Pipe_180.uasset" 60
"../../../MultiplayerSandbox/Content/StarterContent/Shapes/Shape_Pipe_90.uasset" 61
"../../../MultiplayerSandbox/Content/StarterContent/Shapes/Shape_Plane.uasset" 62
"../../../MultiplayerSandbox/Content/StarterContent/Shapes/Shape_Torus.uasset" 63
"../../../MultiplayerSandbox/Content/StarterContent/Shapes/Shape_Trim.uasset" 64
"../../../MultiplayerSandbox/Content/StarterContent/Shapes/Shape_Trim_90_In.uasset" 65
"../../../MultiplayerSandbox/Content/StarterContent/Shapes/Shape_Trim_90_Out.uasset" 66
"../../../MultiplayerSandbox/Content/StarterContent/Shapes/Shape_TriPyramid.uasset" 67
"../../../MultiplayerSandbox/Content/StarterContent/Shapes/Shape_Tube.uasset" 68
"../../../MultiplayerSandbox/Content/StarterContent/Shapes/Shape_Wedge_A.uasset" 69
"../../../MultiplayerSandbox/Content/StarterContent/Shapes/Shape_Wedge_B.uasset" 70
"../../../MultiplayerSandbox/Content/StarterContent/Shapes/Shape_WideCapsule.uasset" 71
"../../../Engine/Content/Functions/Engine_MaterialFunctions01/Opacity/CameraDepthFade.uasset" 72
"../../../Engine/Content/EngineMaterials/T_Default_Material_Grid_M.uasset" 73
"../../../Engine/Content/EngineMaterials/T_Default_Material_Grid_N.uasset" 74
"../../../Engine/Content/EngineMaterials/DefaultMaterial.uasset" 75
"../../../Engine/Content/BasicShapes/Cone.uasset" 76
"../../../Engine/Content/EngineMaterials/WorldGridMaterial.uasset" 77
"../../../Engine/Content/BasicShapes/Cube.uasset" 78
"../../../Engine/Content/BasicShapes/Cylinder.uasset" 79
"../../../Engine/Content/BasicShapes/Plane.uasset" 80
"../../../Engine/Content/BasicShapes/Sphere.uasset" 81
"../../../Engine/Content/EditorLandscapeResources/DataLayer.uasset" 82
"../../../Engine/Content/EditorMaterials/GizmoMaterial.uasset" 83
"../../../Engine/Content/EditorMaterials/MAT_Groups_Toggle.uasset" 84
"../../../Engine/Content/EditorMaterials/MAT_Groups_Visibility.uasset" 85
"../../../Engine/Content/EditorMaterials/PreviewShadowIndicator.uasset" 86
"../../../Engine/Content/EditorMaterials/PreviewShadowIndicatorMaterial.uasset" 87
"../../../Engine/Content/EditorMaterials/AssetViewer/EpicQuadPanorama_CC+EV1.uasset" 88
"../../../Engine/Content/EditorMaterials/MatineeGroups/MAT_ColorTrack.uasset" 89
"../../../Engine/Content/EditorMaterials/MatineeGroups/MAT_Groups_Anim.uasset" 90
"../../../Engine/Content/EditorMaterials/MatineeGroups/MAT_Groups_AudioMaster.uasset" 91
"../../../Engine/Content/EditorMaterials/MatineeGroups/MAT_Groups_Director.uasset" 92
"../../../Engine/Content/EditorMaterials/MatineeGroups/MAT_Groups_Event.uasset" 93
"../../../Engine/Content/EditorMaterials/MatineeGroups/MAT_Groups_Fade.uasset" 94
"../../../Engine/Content/EditorMaterials/MatineeGroups/MAT_Groups_Float.uasset" 95
"../../../Engine/Content/EditorMaterials/MatineeGroups/MAT_Groups_Move.uasset" 96
"../../../Engine/Content/EditorMaterials/MatineeGroups/MAT_Groups_Slomo.uasset" 97
"../../../Engine/Content/EditorMaterials/MatineeGroups/MAT_Groups_Sound.uasset" 98
"../../../Engine/Content/EditorMaterials/MatineeGroups/MAT_Groups_Vector.uasset" 99
"../../../Engine/Content/EditorMaterials/ParticleSystems/PSysThumbnail_NoImage.uasset" 100
"../../../Engine/Content/EditorMaterials/ParticleSystems/PSysThumbnail_OOD.uasset" 101
"../../../Engine/Content/EditorMaterials/Camera/CineMat.uasset" 102
"../../../Engine/Content/EditorMaterials/Camera/MI_CineMat_Rig.uasset" 103
"../../../Engine/Content/EditorMeshes/Camera/SM_CraneRig_Arm.uasset" 104
"../../../Engine/Content/EditorMeshes/Camera/SM_CraneRig_Base.uasset" 105
"../../../Engine/Content/EditorMeshes/Camera/SM_CraneRig_Body.uasset" 106
"../../../Engine/Content/EditorMeshes/Camera/SM_CraneRig_Mount.uasset" 107
"../../../Engine/Content/EditorMeshes/Camera/SM_RailRig_Mount.uasset" 108
"../../../Engine/Content/EditorMeshes/Camera/SM_RailRig_Track.uasset" 109
"../../../Engine/Content/EditorResources/BSPVertex.uasset" 110
"../../../Engine/Content/EditorResources/EmptyActor.uasset" 111
"../../../Engine/Content/EditorResources/S_Actor.uasset" 112
"../../../Engine/Content/EditorResources/S_Trigger.uasset" 113
"../../../Engine/Content/EditorResources/AudioIcons/S_AudioComponent.uasset" 114
"../../../Engine/Content/EditorResources/AudioIcons/S_AudioComponent_AutoActivate.uasset" 115
"../../../Engine/Content/EditorResources/LightIcons/S_LightError.uasset" 116
"../../../Engine/Content/EditorResources/SequenceRecorder/Countdown.uasset" 117
"../../../Engine/Content/EditorResources/SequenceRecorder/RecordingIndicator.uasset" 118
"../../../Engine/Content/EditorSounds/Notifications/CompileFailed.uasset" 119
"../../../Engine/Content/EditorSounds/Notifications/CompileFailed_Cue.uasset" 120
"../../../Engine/Content/EditorSounds/Notifications/CompileSuccess.uasset" 121
"../../../Engine/Content/EditorSounds/Notifications/CompileStart_Cue.uasset" 122
"../../../Engine/Content/EditorSounds/Notifications/CompileSuccess_Cue.uasset" 123
"../../../Engine/Content/EngineDamageTypes/DmgTypeBP_Environmental.uasset" 124
"../../../Engine/Content/EngineDebugMaterials/HeatmapGradient.uasset" 125
"../../../Engine/Content/EngineDebugMaterials/BoneWeightMaterial.uasset" 126
"../../../Engine/Content/EngineDebugMaterials/ClothMaterial.uasset" 127
"../../../Engine/Content/EngineDebugMaterials/DebugMeshMaterial.uasset" 128
"../../../Engine/Content/EngineDebugMaterials/GeomMaterial.uasset" 129
"../../../Engine/Content/EngineFonts/Faces/RobotoBold.uasset" 130
"../../../Engine/Content/EngineFonts/Faces/RobotoBoldItalic.uasset" 131
"../../../Engine/Content/EngineFonts/Faces/RobotoItalic.uasset" 132
"../../../Engine/Content/EngineFonts/Faces/RobotoLight.uasset" 133
"../../../Engine/Content/EngineFonts/Faces/RobotoRegular.uasset" 134
"../../../Engine/Content/EngineFonts/Roboto.uasset" 135
"../../../Engine/Content/EngineFonts/Faces/RobotoTiny.uasset" 136
"../../../Engine/Content/EngineFonts/RobotoTiny.uasset" 137
"../../../Engine/Content/EngineMaterials/DefaultBloomKernel.uasset" 138
"../../../Engine/Content/EngineMaterials/DefaultBokeh.uasset" 139
"../../../Engine/Content/EngineMaterials/DefaultDiffuse.uasset" 140
"../../../Engine/Content/EngineMaterials/DefaultDeferredDecalMaterial.uasset" 141
"../../../Engine/Content/EngineMaterials/DefaultLightFunctionMaterial.uasset" 142
"../../../Engine/Content/EngineMaterials/DefaultPhysicalMaterial.uasset" 143
"../../../Engine/Content/Functions/Engine_MaterialFunctions02/Utility/BreakOutFloat2Components.uasset" 144
"../../../Engine/Content/EngineMaterials/DefaultPostProcessMaterial.uasset" 145
"../../../Engine/Content/EngineFonts/RobotoDistanceField.uasset" 146
"../../../Engine/Content/EngineMaterials/DefaultTextMaterialOpaque.uasset" 147
"../../../Engine/Content/EngineMaterials/DefaultWhiteGrid.uasset" 148
"../../../Engine/Content/EngineMaterials/EditorBrushMaterial.uasset" 149
"../../../Engine/Content/EngineMaterials/Good64x64TilingNoiseHighFreq.uasset" 150
"../../../Engine/Content/EngineMaterials/MiniFont.uasset" 151
"../../../Engine/Content/EngineMaterials/InvalidLightmapSettings.uasset" 152
"../../../Engine/Content/EngineMaterials/M_InvalidLightmapSettings.uasset" 153
"../../../Engine/Content/EngineMaterials/PhAT_JointLimitMaterial.uasset" 154
"../../../Engine/Content/EngineMaterials/PreintegratedSkinBRDF.uasset" 155
"../../../Engine/Content/EngineMaterials/RemoveSurfaceMaterial.uasset" 156
"../../../Engine/Content/EngineMaterials/WeightMapPlaceholderTexture.uasset" 157
"../../../Engine/Content/EngineResources/WhiteSquareTexture.uasset" 158
"../../../Engine/Content/EngineMaterials/Widget3DPassThrough.uasset" 159
"../../../Engine/Content/EngineMaterials/Widget3DPassThrough_Masked.uasset" 160
"../../../Engine/Content/EngineMaterials/Widget3DPassThrough_Opaque.uasset" 161
"../../../Engine/Content/EngineMaterials/Widget3DPassThrough_Masked_OneSided.uasset" 162
"../../../Engine/Content/EngineMaterials/Widget3DPassThrough_Opaque_OneSided.uasset" 163
"../../../Engine/Content/EngineMaterials/Widget3DPassThrough_Translucent.uasset" 164
"../../../Engine/Content/EngineMaterials/Widget3DPassThrough_Translucent_OneSided.uasset" 165
"../../../Engine/Content/EngineMeshes/Cube.uasset" 166
"../../../Engine/Content/EngineMeshes/Cylinder.uasset" 167
"../../../Engine/Content/EngineMeshes/Sphere.uasset" 168
"../../../Engine/Content/EngineResources/Black.uasset" 169
"../../../Engine/Content/EngineResources/DefaultTexture.uasset" 170
"../../../Engine/Content/EngineResources/DefaultTextureCube.uasset" 171
"../../../Engine/Content/EngineResources/GradientTexture0.uasset" 172
"../../../Engine/Content/EngineSounds/Master.uasset" 173
"../../../Engine/Content/Functions/Engine_MaterialFunctions01/Shading/ConvertFromDiffSpec.uasset" 174
"../../../Engine/Content/Functions/Engine_MaterialFunctions01/Shading/PowerToRoughness.uasset" 175
"../../../Engine/Content/Maps/Templates/Thumbnails/Default.uasset" 176
"../../../Engine/Content/Maps/Templates/Thumbnails/VR-Basic.uasset" 177
"../../../Engine/Content/MobileResources/T_MobileControls_texture.uasset" 178
"../../../Engine/Content/MobileResources/T_MobileMenu2.uasset" 179
"../../../Engine/Content/MobileResources/HUD/AnalogHat.uasset" 180
"../../../Engine/Content/MobileResources/HUD/VirtualJoystick_Background.uasset" 181
"../../../Engine/Content/MobileResources/HUD/VirtualJoystick_Thumb.uasset" 182
"../../../Engine/Content/MobileResources/HUD/DefaultVirtualJoysticks.uasset" 183
"../../../Engine/Content/MobileResources/HUD/LeftVirtualJoystickOnly.uasset" 184
"../../../Engine/Content/MobileResources/HUD/MobileHUDButton1_off.uasset" 185
"../../../Engine/Content/MobileResources/HUD/MobileHUDButton1_on.uasset" 186
"../../../Engine/Content/MobileResources/HUD/MobileHUDButton2_off.uasset" 187
"../../../Engine/Content/MobileResources/HUD/MobileHUDButton2_on.uasset" 188
"../../../Engine/Content/MobileResources/HUD/MobileHUDButton3.uasset" 189
"../../../Engine/Content/MobileResources/HUD/MobileHUDButtonFire.uasset" 190
"../../../Engine/Content/MobileResources/HUD/MobileHUDDirectionPad.uasset" 191
"../../../Engine/Content/MobileResources/HUD/MobileHUDDirectionPad2.uasset" 192
"../../../Engine/Content/MobileResources/HUD/MobileHUDDirectionPad3.uasset" 193
"../../../Engine/Content/MobileResources/HUD/MobileHUDDirectionStick.uasset" 194
"../../../Engine/Content/MobileResources/HUD/T_Castle_ThumbstickInner.uasset" 195
"../../../Engine/Content/MobileResources/HUD/T_Castle_ThumbstickOutter.uasset" 196
"../../../Engine/Content/Tutorial/ContentIntroCurve.uasset" 197
"../../../Engine/Content/Tutorial/Basics/TutorialAssets/icon_tab_Levels_40x.uasset" 198
"../../../Engine/Content/Tutorial/BlueprintTutorials/TutorialAssets/BlueprintInterface_64x.uasset" 199
"../../../Engine/Content/Tutorial/BlueprintTutorials/TutorialAssets/BlueprintMacroLibrary_64x.uasset" 200
"../../../Engine/Content/Tutorial/BlueprintTutorials/TutorialAssets/Blueprint_64x.uasset" 201
"../../../Engine/Content/Tutorial/BlueprintTutorials/TutorialAssets/Tutorial_BP_Interface.uasset" 202
"../../../Engine/Content/Tutorial/Foliage/TutorialAssets/Foliage.uasset" 203
"../../../Engine/Content/Tutorial/Landscape/TutorialAssets/Landscape.uasset" 204
"../../../Engine/Content/Tutorial/Paper2D/TutorialAssets/Paper2DFlipbook_TutorialIcon.uasset" 205
"../../../Engine/Content/Tutorial/Paper2D/TutorialAssets/Paper2DSprite_TutorialIcon.uasset" 206
"../../../Engine/Content/Tutorial/SubEditors/TutorialAssets/icon_Editor_Preferences_General_40x.uasset" 207
"../../../Engine/Content/Tutorial/SubEditors/TutorialAssets/icon_ShowSkeletalMeshes_40x.uasset" 208
"../../../Engine/Content/Tutorial/SubEditors/TutorialAssets/TutorialMaterial.uasset" 209
"../../../Engine/Content/Tutorial/SubEditors/TutorialAssets/T_SmokeSubUV_8X8.uasset" 210
"../../../Engine/Content/Tutorial/SubEditors/TutorialAssets/T_soft_smoke.uasset" 211
"../../../Engine/Content/Tutorial/SubEditors/TutorialAssets/M_smoke_subUV_blackbody.uasset" 212
"../../../Engine/Content/Tutorial/SubEditors/TutorialAssets/TutorialParticleSystem.uasset" 213
"../../../Engine/Content/EditorMeshes/EditorCube.uasset" 214
"../../../Engine/Content/Tutorial/SubEditors/TutorialAssets/Tutorial_DM.uasset" 215
"../../../Engine/Content/VREditor/Devices/Generic/GenericHMDMaterial.uasset" 216
"../../../Engine/Content/VREditor/Devices/Generic/GenericHMD.uasset" 217
"../../../Engine/Content/VREditor/FloatingText/LineMaterial.uasset" 218
"../../../Engine/Content/VREditor/FloatingText/JointSphere.uasset" 219
"../../../Engine/Content/VREditor/FloatingText/LineSegmentCylinder.uasset" 220
"../../../Engine/Content/VREditor/Fonts/VRText_RobotoLarge.uasset" 221
"../../../Engine/Content/VREditor/Fonts/VRTextMaterial.uasset" 222
"../../../Engine/Content/VREditor/Fonts/TranslucentVRTextMaterial.uasset" 223
"../../../Engine/Content/VREditor/LaserPointer/VR_LaserPower_01.uasset" 224
"../../../Engine/Content/VREditor/TransformGizmo/TransformGizmoMaterial.uasset" 225
"../../../Engine/Content/VREditor/LaserPointer/HoverMaterial.uasset" 226
"../../../Engine/Content/VREditor/TransformGizmo/TranslucentTransformGizmoMaterial.uasset" 227
"../../../Engine/Content/VREditor/LaserPointer/TranslucentHoverMaterial.uasset" 228
"../../../Engine/Content/VREditor/LaserPointer/HoverMesh.uasset" 229
"../../../Engine/Content/VREditor/LaserPointer/LaserPointerMaterial.uasset" 230
"../../../Engine/Content/VREditor/LaserPointer/LaserPointerMaterialInst.uasset" 231
"../../../Engine/Content/VREditor/LaserPointer/TranslucentLaserPointerMaterialInst.uasset" 232
"../../../Engine/Content/VREditor/LaserPointer/LaserPointerMesh.uasset" 233
"../../../Engine/Content/VREditor/LaserPointer/LaserPointerMesh_End.uasset" 234
"../../../Engine/Content/VREditor/LaserPointer/LaserPointerMesh_Start.uasset" 235
"../../../Engine/Content/Functions/Engine_MaterialFunctions02/Utility/BreakOutFloat3Components.uasset" 236
"../../../Engine/Content/Functions/Engine_MaterialFunctions02/Math/Transform3x3Matrix.uasset" 237
"../../../Engine/Content/Functions/Engine_MaterialFunctions02/SplitComponents.uasset" 238
"../../../Engine/Content/Functions/Engine_MaterialFunctions02/Utility/MakeFloat3.uasset" 239
"../../../Engine/Content/VREditor/SnapGrid/SnapGridMaterial.uasset" 240
"../../../Engine/Content/VREditor/SnapGrid/SnapGridPlaneMesh.uasset" 241
"../../../Engine/Content/VREditor/Sounds/VR_teleport_Cue.uasset" 242
"../../../Engine/Content/VREditor/Sounds/UI/Click_on_Button_Cue.uasset" 243
"../../../Engine/Content/VREditor/Sounds/UI/Dockable_Window_Close.uasset" 244
"../../../Engine/Content/VREditor/Sounds/UI/Dockable_Window_Drop.uasset" 245
"../../../Engine/Content/VREditor/Sounds/UI/Dockable_Window_Open.uasset" 246
"../../../Engine/Content/VREditor/Sounds/UI/Dockable_Window_Pick_Up.uasset" 247
"../../../Engine/Content/VREditor/Sounds/UI/Drop_Item_From_ContentBrowser.uasset" 248
"../../../Engine/Content/VREditor/Sounds/UI/Floating_UI_Open-001.uasset" 249
"../../../Engine/Content/VREditor/Sounds/UI/Gizmo_Handle_Clicked.uasset" 250
"../../../Engine/Content/VREditor/Sounds/UI/Object_PickUp.uasset" 251
"../../../Engine/Content/VREditor/Sounds/UI/Object_Snaps_To_Another_Actor.uasset" 252
"../../../Engine/Content/VREditor/Sounds/UI/Object_Snaps_To_Grid.uasset" 253
"../../../Engine/Content/VREditor/Sounds/UI/Radial_Menu_FadeOut.uasset" 254
"../../../Engine/Content/VREditor/Sounds/UI/Scaling_Down.uasset" 255
"../../../Engine/Content/VREditor/Sounds/UI/Scaling_Up.uasset" 256
"../../../Engine/Content/VREditor/Sounds/UI/Selection_Changes.uasset" 257
"../../../Engine/Content/VREditor/Sounds/UI/Teleport_Mode_Entered.uasset" 258
"../../../Engine/Content/VREditor/Teleport/TeleportDirectionMaterial.uasset" 259
"../../../Engine/Content/VREditor/Teleport/TeleportDirectionMaterial_Inst.uasset" 260
"../../../Engine/Content/VREditor/Teleport/TeleportDirectionMesh.uasset" 261
"../../../Engine/Content/VREditor/TransformGizmo/BoundingBoxCorner.uasset" 262
"../../../Engine/Content/VREditor/TransformGizmo/BoundingBoxEdge.uasset" 263
"../../../Engine/Content/VREditor/TransformGizmo/PlaneTranslationHandle.uasset" 264
"../../../Engine/Content/VREditor/TransformGizmo/RotationHandle.uasset" 265
"../../../Engine/Content/VREditor/TransformGizmo/RotationHandleFull.uasset" 266
"../../../Engine/Content/VREditor/TransformGizmo/RotationHandleIndicator.uasset" 267
"../../../Engine/Content/VREditor/TransformGizmo/RotationHandleQuarter.uasset" 268
"../../../Engine/Content/VREditor/TransformGizmo/Main.uasset" 269
"../../../Engine/Content/VREditor/TransformGizmo/Xray.uasset" 270
"../../../Engine/Content/VREditor/TransformGizmo/SM_Dialog_Close.uasset" 271
"../../../Engine/Content/VREditor/TransformGizmo/SM_Dialog_Move.uasset" 272
"../../../Engine/Content/VREditor/TransformGizmo/SM_Sequencer_Key.uasset" 273
"../../../Engine/Content/VREditor/TransformGizmo/StartRotationHandleIndicator.uasset" 274
"../../../Engine/Content/VREditor/TransformGizmo/TransformGizmoMaterial_Inst.uasset" 275
"../../../Engine/Content/VREditor/TransformGizmo/TranslateArrowHandle.uasset" 276
"../../../Engine/Content/VREditor/TransformGizmo/TranslationHandle.uasset" 277
"../../../Engine/Content/VREditor/TransformGizmo/TranslucentTransformGizmoMaterial_Inst.uasset" 278
"../../../Engine/Content/VREditor/TransformGizmo/UniformScaleHandle.uasset" 279
"../../../Engine/Content/VREditor/UI/KeyDiskMaterial.uasset" 280
"../../../Engine/Content/VREditor/UI/DiscMaterial.uasset" 281
"../../../Engine/Content/VREditor/UI/SM_Radial_Disk.uasset" 282
"../../../Engine/Content/VREditor/WorldMovementGrid/SimpleGrid.uasset" 283
"../../../Engine/Content/VREditor/WorldMovementGrid/GridMaterial.uasset" 284
"../../../Engine/Content/Functions/Engine_MaterialFunctions01/Density/ExponentialDensity.uasset" 285
"../../../Engine/Content/VREditor/WorldMovementGrid/GridPostProcess.uasset" 286
"../../../Engine/Content/EditorLandscapeResources/FlattenHeightMat.uasset" 287
"../../../Engine/Content/VREditor/WorldMovementGrid/PlaneMesh.uasset" 288
"../../../Engine/Plugins/2D/Paper2D/Content/DummySprite.uasset" 289
"../../../Engine/Plugins/2D/Paper2D/Content/DefaultPaperTerrainMaterial.uasset" 290
"../../../Engine/Plugins/2D/Paper2D/Content/DefaultSpriteMaterial.uasset" 291
"../../../Engine/Plugins/2D/Paper2D/Content/MaskedUnlitSpriteMaterial.uasset" 292
"../../../Engine/Plugins/2D/Paper2D/Content/OpaqueUnlitSpriteMaterial.uasset" 293
"../../../Engine/Plugins/2D/Paper2D/Content/PlaceholderTextures/DummySpriteTexture.uasset" 294
"../../../Engine/Plugins/Runtime/GearVR/Content/Textures/GearVRController_AO.uasset" 295
"../../../Engine/Plugins/Runtime/GearVR/Content/Textures/GearVRController_Color.uasset" 296
"../../../Engine/Plugins/Runtime/GearVR/Content/Textures/GearVRController_Normal.uasset" 297
"../../../Engine/Plugins/Runtime/GearVR/Content/Materials/GearVRControllerMaterial.uasset" 298
"../../../Engine/Plugins/Runtime/GearVR/Content/Meshes/GearVrController.uasset" 299
"../../../Engine/Content/EditorBlueprintResources/StandardMacros.uasset" 300
"../../../Engine/Content/EngineSky/C_Sky_Cloud_Color.uasset" 301
"../../../Engine/Content/EngineSky/C_Sky_Horizon_Color.uasset" 302
"../../../Engine/Content/EngineSky/C_Sky_Zenith_Color.uasset" 303
"../../../Engine/Content/EngineSky/T_Sky_Blue.uasset" 304
"../../../Engine/Content/EngineSky/T_Sky_Clouds_M.uasset" 305
"../../../Engine/Content/EngineSky/T_Sky_Stars.uasset" 306
"../../../Engine/Content/EngineSky/M_Sky_Panning_Clouds2.uasset" 307
"../../../Engine/Content/EngineSky/SM_SkySphere.uasset" 308
"../../../Engine/Content/EngineSky/BP_Sky_Sphere.uasset" 309
"../../../Engine/Content/MapTemplates/SM_Template_Map_Floor.uasset" 310
"../../../MultiplayerSandbox/Content/shiratori/Maps/Level_01.umap" 311
"../../../MultiplayerSandbox/Content/shiratori/Blueprints/EN_GameState.uasset" 312
"../../../MultiplayerSandbox/Content/shiratori/Widgets/MainMenu.uasset" 313
"../../../MultiplayerSandbox/Content/shiratori/Widgets/ServerRow.uasset" 314
"../../../MultiplayerSandbox/Content/shiratori/Widgets/ServerList.uasset" 315
"../../../MultiplayerSandbox/Content/shiratori/Blueprints/BP_GameInstance.uasset" 316
"../../../MultiplayerSandbox/Content/shiratori/Maps/MainMenu.umap" 317
"../../../MultiplayerSandbox/Content/StarterContent/Blueprints/Assets/FogBrightnessLUT.uasset" 318
"../../../MultiplayerSandbox/Content/StarterContent/Blueprints/Assets/SunlightColorLUT.uasset" 319
"../../../MultiplayerSandbox/Content/StarterContent/Blueprints/Assets/M_LightStage_Arrows.uasset" 320
"../../../Engine/Content/MapTemplates/Sky/DaylightAmbientCubemap.uasset" 321
"../../../MultiplayerSandbox/Content/StarterContent/Blueprints/Assets/M_LightStage_Skybox_Master.uasset" 322
"../../../MultiplayerSandbox/Content/StarterContent/Blueprints/Assets/M_LightStage_Skybox_Black.uasset" 323
"../../../MultiplayerSandbox/Content/StarterContent/Blueprints/Assets/M_LightStage_Skybox_HDRI.uasset" 324
"../../../Engine/Content/EditorMaterials/Thumbnails/SkySphereMaterial.uasset" 325
"../../../MultiplayerSandbox/Content/StarterContent/Blueprints/Assets/Skybox.uasset" 326
"../../../MultiplayerSandbox/Content/StarterContent/Blueprints/Assets/SM_Arrows.uasset" 327
"../../../MultiplayerSandbox/Content/StarterContent/HDRI/HDRI_Epic_Courtyard_Daylight.uasset" 328
"../../../MultiplayerSandbox/Content/StarterContent/Blueprints/BP_LightStudio.uasset" 329
"../../../MultiplayerSandbox/Content/StarterContent/Maps/Advanced_Lighting_BuiltData.uasset" 330
"../../../MultiplayerSandbox/Content/StarterContent/Materials/M_AssetPlatform.uasset" 331
"../../../Engine/Content/EditorMeshes/ColorCalibrator/M_ChromeBall.uasset" 332
"../../../Engine/Content/EditorMeshes/ColorCalibrator/M_ClearCoat.uasset" 333
"../../../Engine/Content/EditorMeshes/ColorCalibrator/M_ClearCoatBlack.uasset" 334
"../../../Engine/Content/EditorMeshes/ColorCalibrator/M_ColorGrid.uasset" 335
"../../../Engine/Content/EditorMeshes/ColorCalibrator/M_GreyBall.uasset" 336
"../../../Engine/Content/EditorMeshes/ColorCalibrator/SM_ColorCalibrator.uasset" 337
"../../../MultiplayerSandbox/Content/StarterContent/Architecture/SM_AssetPlatform.uasset" 338
"../../../MultiplayerSandbox/Content/StarterContent/Maps/Advanced_Lighting.umap" 339
"../../../MultiplayerSandbox/Content/StarterContent/Maps/Minimal_Default_BuiltData.uasset" 340
"../../../MultiplayerSandbox/Content/StarterContent/Textures/T_MacroVariation.uasset" 341
"../../../MultiplayerSandbox/Content/StarterContent/Materials/M_Metal_Brushed_Nickel.uasset" 342
"../../../MultiplayerSandbox/Content/StarterContent/Textures/T_Metal_Aluminum_D.uasset" 343
"../../../MultiplayerSandbox/Content/StarterContent/Textures/T_Metal_Gold_N.uasset" 344
"../../../MultiplayerSandbox/Content/StarterContent/Materials/M_Metal_Burnished_Steel.uasset" 345
"../../../MultiplayerSandbox/Content/StarterContent/Textures/T_Metal_Copper_D.uasset" 346
"../../../MultiplayerSandbox/Content/StarterContent/Materials/M_Metal_Copper.uasset" 347
"../../../MultiplayerSandbox/Content/StarterContent/Textures/T_Statue_M.uasset" 348
"../../../MultiplayerSandbox/Content/StarterContent/Textures/T_Statue_N.uasset" 349
"../../../MultiplayerSandbox/Content/StarterContent/Props/Materials/M_StatueGlass.uasset" 350
"../../../MultiplayerSandbox/Content/StarterContent/Architecture/Floor_400x400.uasset" 351
"../../../MultiplayerSandbox/Content/StarterContent/Audio/Starter_Background_Cue.uasset" 352
"../../../MultiplayerSandbox/Content/StarterContent/Props/SM_Chair.uasset" 353
"../../../MultiplayerSandbox/Content/StarterContent/Props/Materials/M_Statue.uasset" 354
"../../../MultiplayerSandbox/Content/StarterContent/Props/SM_Statue.uasset" 355
"../../../MultiplayerSandbox/Content/StarterContent/Textures/T_TableRound_M.uasset" 356
"../../../MultiplayerSandbox/Content/StarterContent/Textures/T_TableRound_N.uasset" 357
"../../../MultiplayerSandbox/Content/StarterContent/Props/Materials/M_TableRound.uasset" 358
"../../../MultiplayerSandbox/Content/StarterContent/Props/SM_TableRound.uasset" 359
"../../../MultiplayerSandbox/Content/StarterContent/Maps/Minimal_Default.umap" 360
"../../../MultiplayerSandbox/Content/StarterContent/Audio/Fire01_Cue.uasset" 361
"../../../MultiplayerSandbox/Content/StarterContent/Textures/T_Fire_SubUV.uasset" 362
"../../../MultiplayerSandbox/Content/StarterContent/Textures/T_Fire_Tiled_D.uasset" 363
"../../../MultiplayerSandbox/Content/StarterContent/Particles/Materials/M_Fire_SubUV.uasset" 364
"../../../MultiplayerSandbox/Content/StarterContent/Textures/T_Water_N.uasset" 365
"../../../MultiplayerSandbox/Content/StarterContent/Particles/Materials/M_Heat_Distortion.uasset" 366
"../../../MultiplayerSandbox/Content/StarterContent/Particles/Materials/M_Radial_Gradient.uasset" 367
"../../../MultiplayerSandbox/Content/StarterContent/Particles/P_Fire.uasset" 368
"../../../MultiplayerSandbox/Content/StarterContent/Blueprints/Blueprint_Effect_Fire.uasset" 369
"../../../MultiplayerSandbox/Content/StarterContent/Audio/Smoke01_Cue.uasset" 370
"../../../MultiplayerSandbox/Content/StarterContent/Particles/P_Smoke.uasset" 371
"../../../MultiplayerSandbox/Content/StarterContent/Blueprints/Blueprint_Effect_Smoke.uasset" 372
"../../../MultiplayerSandbox/Content/StarterContent/Audio/Fire_Sparks01_Cue.uasset" 373
"../../../MultiplayerSandbox/Content/StarterContent/Textures/T_Spark_Core.uasset" 374
"../../../MultiplayerSandbox/Content/StarterContent/Particles/Materials/M_Spark.uasset" 375
"../../../MultiplayerSandbox/Content/StarterContent/Particles/P_Sparks.uasset" 376
"../../../MultiplayerSandbox/Content/StarterContent/Blueprints/Blueprint_Effect_Sparks.uasset" 377
"../../../MultiplayerSandbox/Content/StarterContent/Audio/Steam01_Cue.uasset" 378
"../../../MultiplayerSandbox/Content/StarterContent/Particles/P_Steam_Lit.uasset" 379
"../../../MultiplayerSandbox/Content/StarterContent/Blueprints/Blueprint_Effect_Steam.uasset" 380
"../../../MultiplayerSandbox/Content/StarterContent/Textures/T_Lamp_M.uasset" 381
"../../../MultiplayerSandbox/Content/StarterContent/Textures/T_Lamp_N.uasset" 382
"../../../MultiplayerSandbox/Content/StarterContent/Props/Materials/M_Lamp.uasset" 383
"../../../MultiplayerSandbox/Content/StarterContent/Props/SM_Lamp_Ceiling.uasset" 384
"../../../MultiplayerSandbox/Content/StarterContent/Blueprints/Blueprint_CeilingLight.uasset" 385
"../../../MultiplayerSandbox/Content/StarterContent/Props/SM_Lamp_Wall.uasset" 386
"../../../MultiplayerSandbox/Content/StarterContent/Blueprints/Blueprint_WallSconce.uasset" 387
"../../../MultiplayerSandbox/Content/StarterContent/Maps/StarterMap_BuiltData.uasset" 388
"../../../Engine/Content/Functions/Engine_MaterialFunctions03/Procedurals/ComputeFilterWidth.uasset" 389
"../../../Engine/Content/EngineMaterials/AntiAliasedTextMaterialTranslucent.uasset" 390
"../../../MultiplayerSandbox/Content/StarterContent/Textures/T_Brick_Clay_Beveled_D.uasset" 391
"../../../MultiplayerSandbox/Content/StarterContent/Textures/T_Brick_Clay_Beveled_M.uasset" 392
"../../../MultiplayerSandbox/Content/StarterContent/Textures/T_Brick_Clay_Beveled_N.uasset" 393
"../../../MultiplayerSandbox/Content/StarterContent/Materials/M_Brick_Clay_Beveled.uasset" 394
"../../../MultiplayerSandbox/Content/StarterContent/Textures/T_Brick_Clay_New_D.uasset" 395
"../../../MultiplayerSandbox/Content/StarterContent/Textures/T_Brick_Clay_New_M.uasset" 396
"../../../MultiplayerSandbox/Content/StarterContent/Textures/T_Brick_Clay_New_N.uasset" 397
"../../../MultiplayerSandbox/Content/StarterContent/Materials/M_Brick_Clay_New.uasset" 398
"../../../MultiplayerSandbox/Content/StarterContent/Textures/T_Brick_Clay_Old_D.uasset" 399
"../../../MultiplayerSandbox/Content/StarterContent/Textures/T_Brick_Clay_Old_N.uasset" 400
"../../../MultiplayerSandbox/Content/StarterContent/Textures/T_Perlin_Noise_M.uasset" 401
"../../../MultiplayerSandbox/Content/StarterContent/Materials/M_Brick_Clay_Old.uasset" 402
"../../../MultiplayerSandbox/Content/StarterContent/Textures/T_Brick_Cut_Stone_D.uasset" 403
"../../../MultiplayerSandbox/Content/StarterContent/Textures/T_Brick_Cut_Stone_N.uasset" 404
"../../../MultiplayerSandbox/Content/StarterContent/Materials/M_Brick_Cut_Stone.uasset" 405
"../../../MultiplayerSandbox/Content/StarterContent/Textures/T_Brick_Hewn_Stone_D.uasset" 406
"../../../MultiplayerSandbox/Content/StarterContent/Textures/T_Brick_Hewn_Stone_M.uasset" 407
"../../../MultiplayerSandbox/Content/StarterContent/Textures/T_Brick_Hewn_Stone_N.uasset" 408
"../../../MultiplayerSandbox/Content/StarterContent/Materials/M_Brick_Hewn_Stone.uasset" 409
"../../../MultiplayerSandbox/Content/StarterContent/Textures/T_Ceramic_Tile_M.uasset" 410
"../../../MultiplayerSandbox/Content/StarterContent/Textures/T_Ceramic_Tile_N.uasset" 411
"../../../MultiplayerSandbox/Content/StarterContent/Textures/T_Rock_Marble_Polished_D.uasset" 412
"../../../MultiplayerSandbox/Content/StarterContent/Materials/M_Ceramic_Tile_Checker.uasset" 413
"../../../MultiplayerSandbox/Content/StarterContent/Textures/T_CobbleStone_Pebble_D.uasset" 414
"../../../MultiplayerSandbox/Content/StarterContent/Textures/T_CobbleStone_Pebble_M.uasset" 415
"../../../MultiplayerSandbox/Content/StarterContent/Textures/T_CobbleStone_Pebble_N.uasset" 416
"../../../MultiplayerSandbox/Content/StarterContent/Materials/M_CobbleStone_Pebble.uasset" 417
"../../../MultiplayerSandbox/Content/StarterContent/Textures/T_CobbleStone_Rough_D.uasset" 418
"../../../MultiplayerSandbox/Content/StarterContent/Textures/T_CobbleStone_Rough_N.uasset" 419
"../../../MultiplayerSandbox/Content/StarterContent/Textures/T_Gradinet_01.uasset" 420
"../../../MultiplayerSandbox/Content/StarterContent/Textures/T_Rock_Smooth_Granite_D.uasset" 421
"../../../MultiplayerSandbox/Content/StarterContent/Materials/M_CobbleStone_Rough.uasset" 422
"../../../MultiplayerSandbox/Content/StarterContent/Textures/T_CobbleStone_Smooth_D.uasset" 423
"../../../MultiplayerSandbox/Content/StarterContent/Textures/T_CobbleStone_Smooth_M.uasset" 424
"../../../MultiplayerSandbox/Content/StarterContent/Textures/T_CobbleStone_Smooth_N.uasset" 425
"../../../MultiplayerSandbox/Content/StarterContent/Materials/M_CobbleStone_Smooth.uasset" 426
"../../../MultiplayerSandbox/Content/StarterContent/Textures/T_Concrete_Grime_D.uasset" 427
"../../../MultiplayerSandbox/Content/StarterContent/Textures/T_Metal_Rust_N.uasset" 428
"../../../MultiplayerSandbox/Content/StarterContent/Materials/M_Concrete_Grime.uasset" 429
"../../../MultiplayerSandbox/Content/StarterContent/Textures/T_Concrete_Panels_D.uasset" 430
"../../../MultiplayerSandbox/Content/StarterContent/Textures/T_Concrete_Panels_N.uasset" 431
"../../../MultiplayerSandbox/Content/StarterContent/Materials/M_Concrete_Panels.uasset" 432
"../../../MultiplayerSandbox/Content/StarterContent/Textures/T_Concrete_Poured_D.uasset" 433
"../../../MultiplayerSandbox/Content/StarterContent/Textures/T_Concrete_Poured_N.uasset" 434
"../../../MultiplayerSandbox/Content/StarterContent/Materials/M_Concrete_Poured.uasset" 435
"../../../MultiplayerSandbox/Content/StarterContent/Textures/T_Concrete_Tiles_D.uasset" 436
"../../../MultiplayerSandbox/Content/StarterContent/Textures/T_Concrete_Tiles_M.uasset" 437
"../../../MultiplayerSandbox/Content/StarterContent/Textures/T_Concrete_Tiles_N.uasset" 438
"../../../MultiplayerSandbox/Content/StarterContent/Textures/T_Concrete_Tiles_Variation_M.uasset" 439
"../../../MultiplayerSandbox/Content/StarterContent/Materials/M_Concrete_Tiles.uasset" 440
"../../../MultiplayerSandbox/Content/StarterContent/Textures/T_Ground_Grass_D.uasset" 441
"../../../MultiplayerSandbox/Content/StarterContent/Textures/T_Ground_Grass_N.uasset" 442
"../../../MultiplayerSandbox/Content/StarterContent/Materials/M_Ground_Grass.uasset" 443
"../../../MultiplayerSandbox/Content/StarterContent/Textures/T_Ground_Gravel_D.uasset" 444
"../../../MultiplayerSandbox/Content/StarterContent/Textures/T_Ground_Gravel_N.uasset" 445
"../../../MultiplayerSandbox/Content/StarterContent/Materials/M_Ground_Gravel.uasset" 446
"../../../MultiplayerSandbox/Content/StarterContent/Textures/T_ground_Moss_D.uasset" 447
"../../../MultiplayerSandbox/Content/StarterContent/Textures/T_Ground_Moss_N.uasset" 448
"../../../MultiplayerSandbox/Content/StarterContent/Materials/M_Ground_Moss.uasset" 449
"../../../MultiplayerSandbox/Content/StarterContent/Materials/M_Metal_Chrome.uasset" 450
"../../../MultiplayerSandbox/Content/StarterContent/Textures/T_Metal_Gold_D.uasset" 451
"../../../MultiplayerSandbox/Content/StarterContent/Materials/M_Metal_Gold.uasset" 452
"../../../MultiplayerSandbox/Content/StarterContent/Textures/T_Metal_Rust_D.uasset" 453
"../../../MultiplayerSandbox/Content/StarterContent/Materials/M_Metal_Rust.uasset" 454
"../../../MultiplayerSandbox/Content/StarterContent/Textures/T_Metal_Steel_D.uasset" 455
"../../../MultiplayerSandbox/Content/StarterContent/Textures/T_Metal_Steel_N.uasset" 456
"../../../MultiplayerSandbox/Content/StarterContent/Materials/M_Metal_Steel.uasset" 457
"../../../MultiplayerSandbox/Content/StarterContent/Textures/T_Rock_Basalt_N.uasset" 458
"../../../MultiplayerSandbox/Content/StarterContent/Materials/M_Rock_Basalt.uasset" 459
"../../../MultiplayerSandbox/Content/StarterContent/Materials/M_Rock_Marble_Polished.uasset" 460
"../../../MultiplayerSandbox/Content/StarterContent/Textures/T_Rock_Sandstone_D.uasset" 461
"../../../MultiplayerSandbox/Content/StarterContent/Textures/T_Rock_Sandstone_N.uasset" 462
"../../../MultiplayerSandbox/Content/StarterContent/Materials/M_Rock_Sandstone.uasset" 463
"../../../MultiplayerSandbox/Content/StarterContent/Textures/T_Rock_Slate_D.uasset" 464
"../../../MultiplayerSandbox/Content/StarterContent/Textures/T_Rock_Slate_N.uasset" 465
"../../../MultiplayerSandbox/Content/StarterContent/Materials/M_Rock_Slate.uasset" 466
"../../../MultiplayerSandbox/Content/StarterContent/Textures/T_Checker_Noise_M.uasset" 467
"../../../MultiplayerSandbox/Content/StarterContent/Textures/T_Single_Tile_N.uasset" 468
"../../../MultiplayerSandbox/Content/StarterContent/Textures/T_Tech_Dot_M.uasset" 469
"../../../MultiplayerSandbox/Content/StarterContent/Textures/T_Tech_Dot_N.uasset" 470
"../../../MultiplayerSandbox/Content/StarterContent/Materials/M_Tech_Checker_Dot.uasset" 471
"../../../MultiplayerSandbox/Content/StarterContent/Textures/T_Tech_Hex_Tile_M.uasset" 472
"../../../MultiplayerSandbox/Content/StarterContent/Textures/T_Tech_Hex_Tile_N.uasset" 473
"../../../MultiplayerSandbox/Content/StarterContent/Materials/M_Tech_Hex_Tile.uasset" 474
"../../../MultiplayerSandbox/Content/StarterContent/Materials/M_Tech_Hex_Tile_Pulse.uasset" 475
"../../../MultiplayerSandbox/Content/StarterContent/Textures/T_Tech_Panel_M.uasset" 476
"../../../MultiplayerSandbox/Content/StarterContent/Textures/T_Tech_Panel_N.uasset" 477
"../../../MultiplayerSandbox/Content/StarterContent/Materials/M_Tech_Panel.uasset" 478
"../../../MultiplayerSandbox/Content/StarterContent/Materials/M_Water_Lake.uasset" 479
"../../../MultiplayerSandbox/Content/StarterContent/Textures/T_Water_M.uasset" 480
"../../../MultiplayerSandbox/Content/StarterContent/Materials/M_Water_Ocean.uasset" 481
"../../../MultiplayerSandbox/Content/StarterContent/Textures/T_Wood_Floor_Walnut_D.uasset" 482
"../../../MultiplayerSandbox/Content/StarterContent/Textures/T_Wood_Floor_Walnut_M.uasset" 483
"../../../MultiplayerSandbox/Content/StarterContent/Textures/T_Wood_Floor_Walnut_N.uasset" 484
"../../../MultiplayerSandbox/Content/StarterContent/Materials/M_Wood_Floor_Walnut_Polished.uasset" 485
"../../../Engine/Content/Functions/Engine_MaterialFunctions01/Opacity/AlphaOffset.uasset" 486
"../../../MultiplayerSandbox/Content/StarterContent/Materials/M_Wood_Floor_Walnut_Worn.uasset" 487
"../../../MultiplayerSandbox/Content/StarterContent/Textures/T_Wood_Oak_D.uasset" 488
"../../../MultiplayerSandbox/Content/StarterContent/Textures/T_Wood_Oak_N.uasset" 489
"../../../MultiplayerSandbox/Content/StarterContent/Materials/M_Wood_Oak.uasset" 490
"../../../MultiplayerSandbox/Content/StarterContent/Textures/T_Wood_Pine_D.uasset" 491
"../../../MultiplayerSandbox/Content/StarterContent/Textures/T_Wood_Pine_N.uasset" 492
"../../../MultiplayerSandbox/Content/StarterContent/Materials/M_Wood_Pine.uasset" 493
"../../../MultiplayerSandbox/Content/StarterContent/Textures/T_Wood_Walnut_D.uasset" 494
"../../../MultiplayerSandbox/Content/StarterContent/Textures/T_Wood_Walnut_N.uasset" 495
"../../../MultiplayerSandbox/Content/StarterContent/Materials/M_Wood_Walnut.uasset" 496
"../../../MultiplayerSandbox/Content/StarterContent/Architecture/Wall_400x200.uasset" 497
"../../../MultiplayerSandbox/Content/StarterContent/Architecture/Wall_Door_400x300.uasset" 498
"../../../MultiplayerSandbox/Content/StarterContent/Architecture/Wall_Window_400x300.uasset" 499
"../../../MultiplayerSandbox/Content/StarterContent/Audio/Collapse_Cue.uasset" 500
"../../../MultiplayerSandbox/Content/StarterContent/Audio/Starter_Music_Cue.uasset" 501
"../../../MultiplayerSandbox/Content/StarterContent/Textures/T_Dust_Particle_D.uasset" 502
"../../../MultiplayerSandbox/Content/StarterContent/Particles/Materials/M_Dust_Particle.uasset" 503
"../../../MultiplayerSandbox/Content/StarterContent/Particles/P_Ambient_Dust.uasset" 504
"../../../MultiplayerSandbox/Content/StarterContent/Props/MaterialSphere.uasset" 505
"../../../MultiplayerSandbox/Content/StarterContent/Textures/T_Frame_M.uasset" 506
"../../../MultiplayerSandbox/Content/StarterContent/Textures/T_Frame_N.uasset" 507
"../../../MultiplayerSandbox/Content/StarterContent/Props/Materials/M_Frame.uasset" 508
"../../../MultiplayerSandbox/Content/StarterContent/Props/SM_CornerFrame.uasset" 509
"../../../MultiplayerSandbox/Content/StarterContent/Props/SM_DoorFrame.uasset" 510
"../../../MultiplayerSandbox/Content/StarterContent/Props/SM_GlassWindow.uasset" 511
"../../../MultiplayerSandbox/Content/StarterContent/Props/SM_PillarFrame.uasset" 512
"../../../MultiplayerSandbox/Content/StarterContent/Props/SM_PillarFrame300.uasset" 513
"../../../MultiplayerSandbox/Content/StarterContent/Props/SM_WindowFrame.uasset" 514
"../../../MultiplayerSandbox/Content/StarterContent/Shapes/Shape_Cube.uasset" 515
"../../../MultiplayerSandbox/Content/StarterContent/Shapes/Shape_QuadPyramid.uasset" 516
"../../../MultiplayerSandbox/Content/StarterContent/Shapes/Shape_Sphere.uasset" 517
"../../../MultiplayerSandbox/Content/StarterContent/Maps/StarterMap.umap" 518
"../../../Engine/Content/Maps/Entry.umap" 519
